<?xml version="1.0" encoding="UTF-8"?>
<testng-results skipped="0" failed="0" ignored="0" total="1" passed="1">
  <reporter-output>
  </reporter-output>
  <suite name="nopCommerce" duration-ms="15827" started-at="2021-03-17T18:18:46Z" finished-at="2021-03-17T18:19:02Z">
    <groups>
    </groups>
    <test name="Test1" duration-ms="15827" started-at="2021-03-17T18:18:46Z" finished-at="2021-03-17T18:19:02Z">
      <class name="com.nopcommerce.testCases.TC_LoginTest_001">
        <test-method status="PASS" signature="setup(java.lang.String)[pri:0, instance:com.nopcommerce.testCases.TC_LoginTest_001@2b6faea6]" name="setup" is-config="true" duration-ms="2181" started-at="2021-03-17T18:18:47Z" finished-at="2021-03-17T18:18:49Z">
          <params>
            <param index="0">
              <value>
                <![CDATA[chrome]]>
              </value>
            </param>
          </params>
          <reporter-output>
          </reporter-output>
        </test-method> <!-- setup -->
        <test-method status="PASS" signature="loginTest()[pri:0, instance:com.nopcommerce.testCases.TC_LoginTest_001@2b6faea6]" name="loginTest" duration-ms="12543" started-at="2021-03-17T18:18:49Z" finished-at="2021-03-17T18:19:01Z">
          <reporter-output>
          </reporter-output>
        </test-method> <!-- loginTest -->
        <test-method status="PASS" signature="tearDown()[pri:0, instance:com.nopcommerce.testCases.TC_LoginTest_001@2b6faea6]" name="tearDown" is-config="true" duration-ms="868" started-at="2021-03-17T18:19:01Z" finished-at="2021-03-17T18:19:02Z">
          <reporter-output>
          </reporter-output>
        </test-method> <!-- tearDown -->
      </class> <!-- com.nopcommerce.testCases.TC_LoginTest_001 -->
    </test> <!-- Test1 -->
  </suite> <!-- nopCommerce -->
</testng-results>
